<?xml version="1.0" encoding="UTF-8"?>
<!-- Generated by org.testng.reporters.JUnitReportReporter -->
<testsuite hostname="EEOC-2TK736001Z" name="Academy.HomePage" tests="1" failures="0" timestamp="13 Mar 2019 21:28:57 GMT" time="6.832" errors="0">
  <testcase name="openPage" time="6.832" classname="Academy.HomePage"/>
</testsuite> <!-- Academy.HomePage -->
